<?xml version="1.0" encoding="UTF-8"?>
<!-- Generated by org.testng.reporters.JUnitXMLReporter -->
<testsuite hostname="HSSSC1PCL01288" ignored="0" name="Regression suite 1" tests="5" failures="1" timestamp="12 Jun 2017 06:06:47 GMT" time="111.365" errors="0">
  <testcase name="PreCondition_All_Test" time="0.006" classname="CommonTests.SeleniumUnitTest"/>
  <testcase name="Case_03_Check_Function_Write_Parameter" time="0.001" classname="CommonTests.SeleniumUnitTest"/>
  <testcase name="Case_01_Check_Function_Write_Logger" time="12.609" classname="CommonTests.SeleniumUnitTest"/>
  <testcase name="Case_02_Check_Function_Write_Logger" time="15.26" classname="CommonTests.SeleniumUnitTest"/>
  <testcase name="Test" time="16.317" classname="CommonTests.PageObjectTest">
    <failure type="org.openqa.selenium.NoSuchElementException" message="Unable to locate element: .btn btn\-action btn\-block loginbtn
For documentation on this error, please visit: http://seleniumhq.org/exceptions/no_such_element.html
Build info: version: &amp;apos;unknown&amp;apos;, revision: &amp;apos;5234b32&amp;apos;, time: &amp;apos;2017-03-10 09:00:17 -0800&amp;apos;
System info: host: &amp;apos;HSSSC1PCL01288&amp;apos;, ip: &amp;apos;192.168.203.21&amp;apos;, os.name: &amp;apos;Windows 10&amp;apos;, os.arch: &amp;apos;amd64&amp;apos;, os.version: &amp;apos;10.0&amp;apos;, java.version: &amp;apos;1.8.0_112&amp;apos;
Driver info: org.openqa.selenium.firefox.FirefoxDriver
Capabilities [{moz:profile=C:\Users\QUANGN~1\AppData\Local\Temp\rust_mozprofile.SQpfZFe5eLjg, rotatable=false, timeouts={implicit=0, page load=300000, script=30000}, pageLoadStrategy=normal, platform=ANY, specificationLevel=0, moz:accessibilityChecks=false, acceptInsecureCerts=false, browserVersion=52.0.2, platformVersion=10.0, moz:processID=9380, browserName=firefox, platformName=windows_nt}]
Session ID: 322dc26c-8ba9-4c2d-bebb-c9ba7a675f86
*** Element info: {Using=class name, value=btn btn-action btn-block loginbtn}">
      <![CDATA[org.openqa.selenium.NoSuchElementException: Unable to locate element: .btn btn\-action btn\-block loginbtn
For documentation on this error, please visit: http://seleniumhq.org/exceptions/no_such_element.html
Build info: version: 'unknown', revision: '5234b32', time: '2017-03-10 09:00:17 -0800'
System info: host: 'HSSSC1PCL01288', ip: '192.168.203.21', os.name: 'Windows 10', os.arch: 'amd64', os.version: '10.0', java.version: '1.8.0_112'
Driver info: org.openqa.selenium.firefox.FirefoxDriver
Capabilities [{moz:profile=C:\Users\QUANGN~1\AppData\Local\Temp\rust_mozprofile.SQpfZFe5eLjg, rotatable=false, timeouts={implicit=0, page load=300000, script=30000}, pageLoadStrategy=normal, platform=ANY, specificationLevel=0, moz:accessibilityChecks=false, acceptInsecureCerts=false, browserVersion=52.0.2, platformVersion=10.0, moz:processID=9380, browserName=firefox, platformName=windows_nt}]
Session ID: 322dc26c-8ba9-4c2d-bebb-c9ba7a675f86
*** Element info: {Using=class name, value=btn btn-action btn-block loginbtn}
	at org.openqa.selenium.remote.http.W3CHttpResponseCodec.createException(W3CHttpResponseCodec.java:133)
	at org.openqa.selenium.remote.http.W3CHttpResponseCodec.decode(W3CHttpResponseCodec.java:99)
	at org.openqa.selenium.remote.http.W3CHttpResponseCodec.decode(W3CHttpResponseCodec.java:43)
	at org.openqa.selenium.remote.HttpCommandExecutor.execute(HttpCommandExecutor.java:163)
	at org.openqa.selenium.remote.service.DriverCommandExecutor.execute(DriverCommandExecutor.java:82)
	at org.openqa.selenium.remote.RemoteWebDriver.execute(RemoteWebDriver.java:604)
	at org.openqa.selenium.remote.RemoteWebDriver.findElement(RemoteWebDriver.java:371)
	at org.openqa.selenium.remote.RemoteWebDriver.findElementByClassName(RemoteWebDriver.java:460)
	at org.openqa.selenium.By$ByClassName.findElement(By.java:391)
	at org.openqa.selenium.remote.RemoteWebDriver.findElement(RemoteWebDriver.java:363)
	at Utils.Common.CaptureElement(Common.java:16)
	at Object.HomePage.ClickButtonLogin(HomePage.java:34)
	at CommonTests.PageObjectTest.Test(PageObjectTest.java:35)
... Removed 29 stack frames]]>
    </failure>
  </testcase> <!-- Test -->
</testsuite> <!-- Regression suite 1 -->
