<?xml version="1.0" encoding="UTF-8"?>
<!-- Generated by org.testng.reporters.JUnitXMLReporter -->
<testsuite hostname="HSSSC1PCL01288" ignored="0" name="Default test" tests="4" failures="1" timestamp="12 Jun 2017 03:26:46 GMT" time="45.259" errors="0">
  <testcase name="PreCondition_All_Test" time="0.005" classname="CommonTests.SeleniumUnitTest"/>
  <testcase name="Case_03_Check_Function_Write_Parameter" time="0.0" classname="CommonTests.SeleniumUnitTest">
    <failure type="org.testng.TestNGException" message="
Parameter &amp;apos;parameter1&amp;apos; is required by @Test on method Case_03_Check_Function_Write_Parameter but has not been marked @Optional or defined
in C:\Users\quangnguyenx1\AppData\Local\Temp\testng-eclipse--1930611458\testng-customsuite.xml">
      <![CDATA[org.testng.TestNGException: 
Parameter 'parameter1' is required by @Test on method Case_03_Check_Function_Write_Parameter but has not been marked @Optional or defined
in C:\Users\quangnguyenx1\AppData\Local\Temp\testng-eclipse--1930611458\testng-customsuite.xml
	at org.testng.internal.Parameters.createParameters(Parameters.java:199)
	at org.testng.internal.Parameters.createParameters(Parameters.java:443)
	at org.testng.internal.Parameters.handleParameters(Parameters.java:569)
	at org.testng.internal.Invoker.handleParameters(Invoker.java:1308)
	at org.testng.internal.Invoker.createParameters(Invoker.java:1036)
	at org.testng.internal.Invoker.invokeTestMethods(Invoker.java:1126)
	at org.testng.internal.TestMethodWorker.invokeTestMethods(TestMethodWorker.java:126)
	at org.testng.internal.TestMethodWorker.run(TestMethodWorker.java:109)
	at org.testng.TestRunner.privateRun(TestRunner.java:744)
	at org.testng.TestRunner.run(TestRunner.java:602)
	at org.testng.SuiteRunner.runTest(SuiteRunner.java:380)
	at org.testng.SuiteRunner.runSequentially(SuiteRunner.java:375)
	at org.testng.SuiteRunner.privateRun(SuiteRunner.java:340)
	at org.testng.SuiteRunner.run(SuiteRunner.java:289)
	at org.testng.SuiteRunnerWorker.runSuite(SuiteRunnerWorker.java:52)
	at org.testng.SuiteRunnerWorker.run(SuiteRunnerWorker.java:86)
	at org.testng.TestNG.runSuitesSequentially(TestNG.java:1301)
	at org.testng.TestNG.runSuitesLocally(TestNG.java:1226)
	at org.testng.TestNG.runSuites(TestNG.java:1144)
	at org.testng.TestNG.run(TestNG.java:1115)
	at org.testng.remote.AbstractRemoteTestNG.run(AbstractRemoteTestNG.java:132)
	at org.testng.remote.RemoteTestNG.initAndRun(RemoteTestNG.java:230)
	at org.testng.remote.RemoteTestNG.main(RemoteTestNG.java:76)
]]>
    </failure>
  </testcase> <!-- Case_03_Check_Function_Write_Parameter -->
  <testcase name="Case_01_Check_Function_Write_Logger" time="10.222" classname="CommonTests.SeleniumUnitTest"/>
  <testcase name="Case_02_Check_Function_Write_Logger" time="9.72" classname="CommonTests.SeleniumUnitTest"/>
</testsuite> <!-- Default test -->
